E:\Program Files (x86)\Foxit Software\Foxit PhantomPDF\plugins\gitplugin.exp
E:\PROGRAM FILES (X86)\FOXIT SOFTWARE\FOXIT PHANTOMPDF\PLUGINS\GITPLUGIN.FPI
E:\PROGRAM FILES (X86)\FOXIT SOFTWARE\FOXIT PHANTOMPDF\PLUGINS\GITPLUGIN.FPI.MANIFEST
E:\PROGRAM FILES (X86)\FOXIT SOFTWARE\FOXIT PHANTOMPDF\PLUGINS\GITPLUGIN.ILK
E:\Program Files (x86)\Foxit Software\Foxit PhantomPDF\plugins\gitplugin.lib
E:\PROGRAM FILES (X86)\FOXIT SOFTWARE\FOXIT PHANTOMPDF\PLUGINS\GITPLUGIN.PDB
E:\Program Files (x86)\Foxit Software\Foxit PhantomPDF\plugins\RibbonElements.exp
E:\PROGRAM FILES (X86)\FOXIT SOFTWARE\FOXIT PHANTOMPDF\PLUGINS\RIBBONELEMENTS.FPI.MANIFEST
E:\Program Files (x86)\Foxit Software\Foxit PhantomPDF\plugins\RibbonElements.lib
E:\Projects\Plugin_SDK_9_5_0_0\Samples\RibbonElements\RibbonElements\Debug\cl.command.1.tlog
E:\Projects\Plugin_SDK_9_5_0_0\Samples\RibbonElements\RibbonElements\Debug\CL.read.1.tlog
E:\Projects\Plugin_SDK_9_5_0_0\Samples\RibbonElements\RibbonElements\Debug\CL.write.1.tlog
E:\PROJECTS\PLUGIN_SDK_9_5_0_0\SAMPLES\RIBBONELEMENTS\RIBBONELEMENTS\DEBUG\ELEMENTSPROC.OBJ
E:\PROJECTS\PLUGIN_SDK_9_5_0_0\SAMPLES\RIBBONELEMENTS\RIBBONELEMENTS\DEBUG\GITPLUGIN.FPI.INTERMEDIATE.MANIFEST
E:\PROJECTS\PLUGIN_SDK_9_5_0_0\SAMPLES\RIBBONELEMENTS\RIBBONELEMENTS\DEBUG\GITPLUGIN.PCH
E:\Projects\Plugin_SDK_9_5_0_0\Samples\RibbonElements\RibbonElements\Debug\gitplugin.write.1.tlog
E:\PROJECTS\PLUGIN_SDK_9_5_0_0\SAMPLES\RIBBONELEMENTS\RIBBONELEMENTS\DEBUG\GITPROMPT.OBJ
E:\Projects\Plugin_SDK_9_5_0_0\Samples\RibbonElements\RibbonElements\Debug\link.command.1.tlog
E:\Projects\Plugin_SDK_9_5_0_0\Samples\RibbonElements\RibbonElements\Debug\link.read.1.tlog
E:\Projects\Plugin_SDK_9_5_0_0\Samples\RibbonElements\RibbonElements\Debug\link.write.1.tlog
E:\Projects\Plugin_SDK_9_5_0_0\Samples\RibbonElements\RibbonElements\Debug\link-cvtres.read.1.tlog
E:\Projects\Plugin_SDK_9_5_0_0\Samples\RibbonElements\RibbonElements\Debug\link-cvtres.write.1.tlog
E:\Projects\Plugin_SDK_9_5_0_0\Samples\RibbonElements\RibbonElements\Debug\mt.command.1.tlog
E:\Projects\Plugin_SDK_9_5_0_0\Samples\RibbonElements\RibbonElements\Debug\mt.read.1.tlog
E:\Projects\Plugin_SDK_9_5_0_0\Samples\RibbonElements\RibbonElements\Debug\mt.write.1.tlog
E:\PROJECTS\PLUGIN_SDK_9_5_0_0\SAMPLES\RIBBONELEMENTS\RIBBONELEMENTS\DEBUG\PIMAIN.OBJ
E:\PROJECTS\PLUGIN_SDK_9_5_0_0\SAMPLES\RIBBONELEMENTS\RIBBONELEMENTS\DEBUG\PROPERTYSHEETPAGEDLG.OBJ
E:\Projects\Plugin_SDK_9_5_0_0\Samples\RibbonElements\RibbonElements\Debug\rc.command.1.tlog
E:\Projects\Plugin_SDK_9_5_0_0\Samples\RibbonElements\RibbonElements\Debug\rc.read.1.tlog
E:\Projects\Plugin_SDK_9_5_0_0\Samples\RibbonElements\RibbonElements\Debug\rc.write.1.tlog
E:\Projects\Plugin_SDK_9_5_0_0\Samples\RibbonElements\RibbonElements\Debug\RibbonElements.fpi.intermediate.manifest
E:\PROJECTS\PLUGIN_SDK_9_5_0_0\SAMPLES\RIBBONELEMENTS\RIBBONELEMENTS\DEBUG\RIBBONELEMENTS.OBJ
E:\PROJECTS\PLUGIN_SDK_9_5_0_0\SAMPLES\RIBBONELEMENTS\RIBBONELEMENTS\DEBUG\RIBBONELEMENTS.PCH
E:\PROJECTS\PLUGIN_SDK_9_5_0_0\SAMPLES\RIBBONELEMENTS\RIBBONELEMENTS\DEBUG\RIBBONELEMENTS.RES
E:\Projects\Plugin_SDK_9_5_0_0\Samples\RibbonElements\RibbonElements\Debug\RibbonElements.write.1.tlog
E:\PROJECTS\PLUGIN_SDK_9_5_0_0\SAMPLES\RIBBONELEMENTS\RIBBONELEMENTS\DEBUG\STDAFX.OBJ
E:\Projects\Plugin_SDK_9_5_0_0\Samples\RibbonElements\RibbonElements\Debug\vc100.idb
E:\PROJECTS\PLUGIN_SDK_9_5_0_0\SAMPLES\RIBBONELEMENTS\RIBBONELEMENTS\DEBUG\VC100.PDB
