Build started 10/8/2020 2:53:52 PM.
     1>Project "E:\SVN\foxitphantompdfgitplugin\FoxitPhantomPDFGitPlugIn\Samples\RibbonElements\RibbonElements\RibbonElements.vcxproj" on node 2 (build target(s)).
     1>C:\Program Files (x86)\MSBuild\Microsoft.Cpp\v4.0\Microsoft.CppBuild.targets(299,5): warning MSB8004: Output Directory does not end with a trailing slash.  This build instance will add the slash as it is required to allow proper evaluation of the Output Directory.
     1>InitializeBuildStatus:
         Creating "Debug\gitplugin.unsuccessfulbuild" because "AlwaysCreate" was specified.
       PreBuildEvent:
         tasklist /fi "imagename eq FoxitPhantomPDF.exe" |find ":" > nul
         if errorlevel 1 taskkill /f /im "FoxitPhantomPDF.exe"
         regedit.exe /s "E:\SVN\foxitphantompdfgitplugin\FoxitPhantomPDFGitPlugIn\Samples\RibbonElements\..\..\Tools\registerRibbonElementEDrive.reg"
         :VCEnd
         SUCCESS: The process "FoxitPhantomPDF.exe" with PID 6344 has been terminated.
       ClCompile:
         C:\Program Files (x86)\Microsoft Visual Studio 10.0\VC\bin\CL.exe /c /IE:\SVN\foxitphantompdfgitplugin\FoxitPhantomPDFGitPlugIn\Samples\RibbonElements\\include /ZI /nologo /W3 /WX- /Od /Oy- /D WIN32 /D _WINDOWS /D _DEBUG /D _USRDLL /D _WINDLL /D _UNICODE /D UNICODE /Gm /EHsc /RTC1 /MTd /GS /Gy- /fp:precise /Zc:wchar_t- /Zc:forScope /GR /openmp- /Yc"StdAfx.h" /Fp"Debug\gitplugin.pch" /Fo"Debug\\" /Fd"Debug\vc100.pdb" /Gd /TP /analyze- /errorReport:prompt stdafx.cpp
         stdafx.cpp
         C:\Program Files (x86)\Microsoft Visual Studio 10.0\VC\bin\CL.exe /c /IE:\SVN\foxitphantompdfgitplugin\FoxitPhantomPDFGitPlugIn\Samples\RibbonElements\\include /ZI /nologo /W3 /WX- /Od /Oy- /D WIN32 /D _WINDOWS /D _DEBUG /D _USRDLL /D _WINDLL /D _UNICODE /D UNICODE /Gm /EHsc /RTC1 /MTd /GS /Gy- /fp:precise /Zc:wchar_t- /Zc:forScope /GR /openmp- /Yu"StdAfx.h" /Fp"Debug\gitplugin.pch" /Fo"Debug\\" /Fd"Debug\vc100.pdb" /Gd /TP /analyze- /errorReport:prompt ..\..\..\include\pimain_external\PIMain.cpp ElementsProc.cpp GitPrompt.cpp RibbonElements.cpp
         RibbonElements.cpp
         GitPrompt.cpp
     1>c:\program files (x86)\microsoft visual studio 10.0\vc\include\stdint.h(72): warning C4005: 'INT8_MIN' : macro redefinition
                 c:\program files (x86)\microsoft sdks\windows\v7.0a\include\intsafe.h(144) : see previous definition of 'INT8_MIN'
     1>c:\program files (x86)\microsoft visual studio 10.0\vc\include\stdint.h(73): warning C4005: 'INT16_MIN' : macro redefinition
                 c:\program files (x86)\microsoft sdks\windows\v7.0a\include\intsafe.h(146) : see previous definition of 'INT16_MIN'
     1>c:\program files (x86)\microsoft visual studio 10.0\vc\include\stdint.h(74): warning C4005: 'INT32_MIN' : macro redefinition
                 c:\program files (x86)\microsoft sdks\windows\v7.0a\include\intsafe.h(148) : see previous definition of 'INT32_MIN'
     1>c:\program files (x86)\microsoft visual studio 10.0\vc\include\stdint.h(76): warning C4005: 'INT8_MAX' : macro redefinition
                 c:\program files (x86)\microsoft sdks\windows\v7.0a\include\intsafe.h(167) : see previous definition of 'INT8_MAX'
     1>c:\program files (x86)\microsoft visual studio 10.0\vc\include\stdint.h(77): warning C4005: 'INT16_MAX' : macro redefinition
                 c:\program files (x86)\microsoft sdks\windows\v7.0a\include\intsafe.h(171) : see previous definition of 'INT16_MAX'
     1>c:\program files (x86)\microsoft visual studio 10.0\vc\include\stdint.h(78): warning C4005: 'INT32_MAX' : macro redefinition
                 c:\program files (x86)\microsoft sdks\windows\v7.0a\include\intsafe.h(176) : see previous definition of 'INT32_MAX'
     1>c:\program files (x86)\microsoft visual studio 10.0\vc\include\stdint.h(79): warning C4005: 'UINT8_MAX' : macro redefinition
                 c:\program files (x86)\microsoft sdks\windows\v7.0a\include\intsafe.h(168) : see previous definition of 'UINT8_MAX'
     1>c:\program files (x86)\microsoft visual studio 10.0\vc\include\stdint.h(80): warning C4005: 'UINT16_MAX' : macro redefinition
                 c:\program files (x86)\microsoft sdks\windows\v7.0a\include\intsafe.h(173) : see previous definition of 'UINT16_MAX'
     1>c:\program files (x86)\microsoft visual studio 10.0\vc\include\stdint.h(81): warning C4005: 'UINT32_MAX' : macro redefinition
                 c:\program files (x86)\microsoft sdks\windows\v7.0a\include\intsafe.h(178) : see previous definition of 'UINT32_MAX'
     1>c:\program files (x86)\microsoft visual studio 10.0\vc\include\stdint.h(149): warning C4005: 'INT64_MIN' : macro redefinition
                 c:\program files (x86)\microsoft sdks\windows\v7.0a\include\intsafe.h(152) : see previous definition of 'INT64_MIN'
     1>c:\program files (x86)\microsoft visual studio 10.0\vc\include\stdint.h(150): warning C4005: 'INT64_MAX' : macro redefinition
                 c:\program files (x86)\microsoft sdks\windows\v7.0a\include\intsafe.h(184) : see previous definition of 'INT64_MAX'
     1>c:\program files (x86)\microsoft visual studio 10.0\vc\include\stdint.h(151): warning C4005: 'UINT64_MAX' : macro redefinition
                 c:\program files (x86)\microsoft sdks\windows\v7.0a\include\intsafe.h(189) : see previous definition of 'UINT64_MAX'
     1>e:\svn\foxitphantompdfgitplugin\foxitphantompdfgitplugin\samples\ribbonelements\ribbonelements\gitprompt.cpp(128): warning C4996: 'wcscat': This function or variable may be unsafe. Consider using wcscat_s instead. To disable deprecation, use _CRT_SECURE_NO_WARNINGS. See online help for details.
                 c:\program files (x86)\microsoft visual studio 10.0\vc\include\string.h(276) : see declaration of 'wcscat'
         ElementsProc.cpp
     1>c:\program files (x86)\microsoft visual studio 10.0\vc\include\stdint.h(72): warning C4005: 'INT8_MIN' : macro redefinition
                 c:\program files (x86)\microsoft sdks\windows\v7.0a\include\intsafe.h(144) : see previous definition of 'INT8_MIN'
     1>c:\program files (x86)\microsoft visual studio 10.0\vc\include\stdint.h(73): warning C4005: 'INT16_MIN' : macro redefinition
                 c:\program files (x86)\microsoft sdks\windows\v7.0a\include\intsafe.h(146) : see previous definition of 'INT16_MIN'
     1>c:\program files (x86)\microsoft visual studio 10.0\vc\include\stdint.h(74): warning C4005: 'INT32_MIN' : macro redefinition
                 c:\program files (x86)\microsoft sdks\windows\v7.0a\include\intsafe.h(148) : see previous definition of 'INT32_MIN'
     1>c:\program files (x86)\microsoft visual studio 10.0\vc\include\stdint.h(76): warning C4005: 'INT8_MAX' : macro redefinition
                 c:\program files (x86)\microsoft sdks\windows\v7.0a\include\intsafe.h(167) : see previous definition of 'INT8_MAX'
     1>c:\program files (x86)\microsoft visual studio 10.0\vc\include\stdint.h(77): warning C4005: 'INT16_MAX' : macro redefinition
                 c:\program files (x86)\microsoft sdks\windows\v7.0a\include\intsafe.h(171) : see previous definition of 'INT16_MAX'
     1>c:\program files (x86)\microsoft visual studio 10.0\vc\include\stdint.h(78): warning C4005: 'INT32_MAX' : macro redefinition
                 c:\program files (x86)\microsoft sdks\windows\v7.0a\include\intsafe.h(176) : see previous definition of 'INT32_MAX'
     1>c:\program files (x86)\microsoft visual studio 10.0\vc\include\stdint.h(79): warning C4005: 'UINT8_MAX' : macro redefinition
                 c:\program files (x86)\microsoft sdks\windows\v7.0a\include\intsafe.h(168) : see previous definition of 'UINT8_MAX'
     1>c:\program files (x86)\microsoft visual studio 10.0\vc\include\stdint.h(80): warning C4005: 'UINT16_MAX' : macro redefinition
                 c:\program files (x86)\microsoft sdks\windows\v7.0a\include\intsafe.h(173) : see previous definition of 'UINT16_MAX'
     1>c:\program files (x86)\microsoft visual studio 10.0\vc\include\stdint.h(81): warning C4005: 'UINT32_MAX' : macro redefinition
                 c:\program files (x86)\microsoft sdks\windows\v7.0a\include\intsafe.h(178) : see previous definition of 'UINT32_MAX'
     1>c:\program files (x86)\microsoft visual studio 10.0\vc\include\stdint.h(149): warning C4005: 'INT64_MIN' : macro redefinition
                 c:\program files (x86)\microsoft sdks\windows\v7.0a\include\intsafe.h(152) : see previous definition of 'INT64_MIN'
     1>c:\program files (x86)\microsoft visual studio 10.0\vc\include\stdint.h(150): warning C4005: 'INT64_MAX' : macro redefinition
                 c:\program files (x86)\microsoft sdks\windows\v7.0a\include\intsafe.h(184) : see previous definition of 'INT64_MAX'
     1>c:\program files (x86)\microsoft visual studio 10.0\vc\include\stdint.h(151): warning C4005: 'UINT64_MAX' : macro redefinition
                 c:\program files (x86)\microsoft sdks\windows\v7.0a\include\intsafe.h(189) : see previous definition of 'UINT64_MAX'
     1>e:\svn\foxitphantompdfgitplugin\foxitphantompdfgitplugin\samples\ribbonelements\ribbonelements\elementsproc.cpp(76): warning C4996: 'sprintf': This function or variable may be unsafe. Consider using sprintf_s instead. To disable deprecation, use _CRT_SECURE_NO_WARNINGS. See online help for details.
                 c:\program files (x86)\microsoft visual studio 10.0\vc\include\stdio.h(371) : see declaration of 'sprintf'
     1>e:\svn\foxitphantompdfgitplugin\foxitphantompdfgitplugin\samples\ribbonelements\ribbonelements\elementsproc.cpp(77): warning C4996: 'sprintf': This function or variable may be unsafe. Consider using sprintf_s instead. To disable deprecation, use _CRT_SECURE_NO_WARNINGS. See online help for details.
                 c:\program files (x86)\microsoft visual studio 10.0\vc\include\stdio.h(371) : see declaration of 'sprintf'
         PIMain.cpp
         Generating Code...
       ResourceCompile:
         C:\Program Files (x86)\Microsoft SDKs\Windows\v7.0A\bin\rc.exe /D _DEBUG /D _UNICODE /D UNICODE /l"0x0409" /IDebug\ /nologo /fo"Debug\RibbonElements.res" RibbonElements.rc 
       PreLinkEvent:
         copy E:\SVN\foxitphantompdfgitplugin\FoxitPhantomPDFGitPlugIn\Samples\RibbonElements\lib\git2.* "E:\Program Files (x86)\Foxit Software\Foxit PhantomPDF\plugins" /y
         copy E:\SVN\foxitphantompdfgitplugin\FoxitPhantomPDFGitPlugIn\Samples\RibbonElements\lib\git2.* "E:\Program Files (x86)\Foxit Software\Foxit PhantomPDF\" /y
         :VCEnd
         E:\SVN\foxitphantompdfgitplugin\FoxitPhantomPDFGitPlugIn\Samples\RibbonElements\lib\git2.dll
         E:\SVN\foxitphantompdfgitplugin\FoxitPhantomPDFGitPlugIn\Samples\RibbonElements\lib\git2.exp
         E:\SVN\foxitphantompdfgitplugin\FoxitPhantomPDFGitPlugIn\Samples\RibbonElements\lib\git2.ilk
         E:\SVN\foxitphantompdfgitplugin\FoxitPhantomPDFGitPlugIn\Samples\RibbonElements\lib\git2.lib
         E:\SVN\foxitphantompdfgitplugin\FoxitPhantomPDFGitPlugIn\Samples\RibbonElements\lib\git2.pdb
                 5 file(s) copied.
         E:\SVN\foxitphantompdfgitplugin\FoxitPhantomPDFGitPlugIn\Samples\RibbonElements\lib\git2.dll
         E:\SVN\foxitphantompdfgitplugin\FoxitPhantomPDFGitPlugIn\Samples\RibbonElements\lib\git2.exp
         E:\SVN\foxitphantompdfgitplugin\FoxitPhantomPDFGitPlugIn\Samples\RibbonElements\lib\git2.ilk
         E:\SVN\foxitphantompdfgitplugin\FoxitPhantomPDFGitPlugIn\Samples\RibbonElements\lib\git2.lib
         E:\SVN\foxitphantompdfgitplugin\FoxitPhantomPDFGitPlugIn\Samples\RibbonElements\lib\git2.pdb
                 5 file(s) copied.
       Link:
         C:\Program Files (x86)\Microsoft Visual Studio 10.0\VC\bin\link.exe /ERRORREPORT:PROMPT /OUT:"E:\Program Files (x86)\Foxit Software\Foxit PhantomPDF\plugins\gitplugin.fpi" /INCREMENTAL /NOLOGO /DEF:".\RibbonElements.def" /MANIFEST /ManifestFile:"Debug\gitplugin.fpi.intermediate.manifest" /MANIFESTUAC:"level='asInvoker' uiAccess='false'" /DEBUG /PDB:"E:\Program Files (x86)\Foxit Software\Foxit PhantomPDF\plugins\gitplugin.pdb" /SUBSYSTEM:WINDOWS /TLBID:1 /DYNAMICBASE /NXCOMPAT /MACHINE:X86 /DLL Debug\RibbonElements.res
         Debug\PIMain.obj
         Debug\ElementsProc.obj
         Debug\GitPrompt.obj
         Debug\RibbonElements.obj
         Debug\stdafx.obj
         ..\lib\git2.lib
         LINK : E:\Program Files (x86)\Foxit Software\Foxit PhantomPDF\plugins\gitplugin.fpi not found or not built by the last incremental link; performing full link
            Creating library E:\Program Files (x86)\Foxit Software\Foxit PhantomPDF\plugins\gitplugin.lib and object E:\Program Files (x86)\Foxit Software\Foxit PhantomPDF\plugins\gitplugin.exp
         RibbonElements.vcxproj -> E:\Program Files (x86)\Foxit Software\Foxit PhantomPDF\plugins\gitplugin.fpi
       Manifest:
         C:\Program Files (x86)\Microsoft SDKs\Windows\v7.0A\bin\mt.exe /nologo /verbose /out:"E:\Program Files (x86)\Foxit Software\Foxit PhantomPDF\plugins\gitplugin.fpi.manifest" /manifest Debug\gitplugin.fpi.intermediate.manifest "C:\Program Files (x86)\Microsoft Visual Studio 10.0\VC\Include\Manifest\dpiaware.manifest"
       PostBuildEvent:
         "E:\SVN\foxitphantompdfgitplugin\FoxitPhantomPDFGitPlugIn\Samples\RibbonElements\..\..\Tools\SignPlugIn.bat" gitplugin
         :VCEnd
         
         
         Secceed to sign the plugin!
         
         
         
       FinalizeBuildStatus:
         Deleting file "Debug\gitplugin.unsuccessfulbuild".
         Touching "Debug\gitplugin.lastbuildstate".
     1>Done Building Project "E:\SVN\foxitphantompdfgitplugin\FoxitPhantomPDFGitPlugIn\Samples\RibbonElements\RibbonElements\RibbonElements.vcxproj" (build target(s)).

Build succeeded.

Time Elapsed 00:00:08.51
